================ Двусторонний критерий Уилкоксона (Mann–Whitney) ================

Параметры моделирования
-----------------------
Уровень значимости alpha = 0.050000
Размер первой выборки m1 = 16
Размер второй выборки n1 = 10
Общий объём N = m1 + n1 = 26
Меньшая выборка по объёму: выборка 2 (m = 10)

Генерация данных
----------------
Обе выборки сгенерированы из нормального распределения N(0, 1).
Для второй выборки применён небольшой сдвиг среднего на +0.05: ДА
Количество ничьих: 0 (0.000000% от N)

Данные выборок
--------------
Выборка 1 (m1 = 16):
x[1] = 0.223592
x[2] = 1.328731
x[3] = 0.165979
x[4] = -0.352207
x[5] = 0.435809
x[6] = -0.029781
x[7] = -1.498120
x[8] = -0.241423
x[9] = -1.532341
x[10] = 0.631596
x[11] = 1.663764
x[12] = -1.293056
x[13] = 0.092149
x[14] = 0.686633
x[15] = -1.779776
x[16] = -0.436402

Выборка 2 (n1 = 10):
y[1] = -1.237171
y[2] = -0.392591
y[3] = 0.020213
y[4] = -2.327262
y[5] = -0.035346
y[6] = 0.060641
y[7] = -0.066593
y[8] = 0.273466
y[9] = 0.663995
y[10] = 0.924257

Описательная статистика
------------------------
Выборка 1: выборочное среднее = -0.120928, выборочное СКО = 1.008355
Выборка 2: выборочное среднее = -0.211639, выборочное СКО = 0.944731

Ранжирование объединённой выборки
---------------------------------
Столбцы: индекс в отсортированной объединённой выборке, значение, номер выборки (1 или 2), ранг
1 -2.327262 2 1
2 -1.779776 1 2
3 -1.532341 1 3
4 -1.498120 1 4
5 -1.293056 1 5
6 -1.237171 2 6
7 -0.436402 1 7
8 -0.392591 2 8
9 -0.352207 1 9
10 -0.241423 1 10
11 -0.066593 2 11
12 -0.035346 2 12
13 -0.029781 1 13
14 0.020213 2 14
15 0.060641 2 15
16 0.092149 1 16
17 0.165979 1 17
18 0.223592 1 18
19 0.273466 2 19
20 0.435809 1 20
21 0.631596 1 21
22 0.663995 2 22
23 0.686633 1 23
24 0.924257 2 24
25 1.328731 1 25
26 1.663764 1 26

Статистика критерия
--------------------
Наблюдаемое значение статистики W (сумма рангов меньшей выборки):
W_obs = 137.000000

Критические значения (двусторонний критерий)
--------------------------------------------
Режим вычисления критических значений: ТОЧНОЕ распределение (динамическое программирование)
Нижняя критическая граница W_lower = 98.000000
Верхняя критическая граница W_upper = 172.000000

Решение
-------
H0: распределения двух выборок совпадают (нет сдвига по медиане).
H1: распределения различаются (медианы или положение распределений отличаются).
Так как W_obs находится внутри интервала [W_lower; W_upper],
нет оснований отвергать нулевую гипотезу H0 при уровне значимости alpha = 0.050000.

